2025-01-26 10:10:00.822 [main] INFO  com.itheima.TliasWebManagementApplication-Starting TliasWebManagementApplication using Java 17.0.12 with PID 98080 (/Users/daykalif/Desktop/web-project/javaweb-ai-project02/tlias-web-management/target/classes started by daykalif in /Users/daykalif/Desktop/web-project/javaweb-ai-project02/tlias-web-management)
2025-01-26 10:10:00.823 [main] INFO  com.itheima.TliasWebManagementApplication-No active profile set, falling back to 1 default profile: "default"
2025-01-26 10:10:01.212 [main] INFO  o.s.boot.web.embedded.tomcat.TomcatWebServer-Tomcat initialized with port 8080 (http)
2025-01-26 10:10:01.217 [main] INFO  org.apache.coyote.http11.Http11NioProtocol-Initializing ProtocolHandler ["http-nio-8080"]
2025-01-26 10:10:01.218 [main] INFO  org.apache.catalina.core.StandardService-Starting service [Tomcat]
2025-01-26 10:10:01.222 [main] INFO  org.apache.catalina.core.StandardEngine-Starting Servlet engine: [Apache Tomcat/10.1.34]
2025-01-26 10:10:01.245 [main] INFO  o.a.c.core.ContainerBase.[Tomcat].[localhost].[/]-Initializing Spring embedded WebApplicationContext
2025-01-26 10:10:01.245 [main] INFO  o.s.b.w.s.c.ServletWebServerApplicationContext-Root WebApplicationContext: initialization completed in 407 ms
2025-01-26 10:10:01.518 [main] INFO  org.apache.coyote.http11.Http11NioProtocol-Starting ProtocolHandler ["http-nio-8080"]
2025-01-26 10:10:01.527 [main] INFO  o.s.boot.web.embedded.tomcat.TomcatWebServer-Tomcat started on port 8080 (http) with context path '/'
2025-01-26 10:10:01.532 [main] INFO  com.itheima.TliasWebManagementApplication-Started TliasWebManagementApplication in 0.865 seconds (process running for 1.181)
2025-01-26 10:10:27.270 [http-nio-8080-exec-2] INFO  o.a.c.core.ContainerBase.[Tomcat].[localhost].[/]-Initializing Spring DispatcherServlet 'dispatcherServlet'
2025-01-26 10:10:27.270 [http-nio-8080-exec-2] INFO  org.springframework.web.servlet.DispatcherServlet-Initializing Servlet 'dispatcherServlet'
2025-01-26 10:10:27.271 [http-nio-8080-exec-2] INFO  org.springframework.web.servlet.DispatcherServlet-Completed initialization in 1 ms
2025-01-26 10:10:27.315 [http-nio-8080-exec-2] INFO  com.itheima.controller.EmpController-新增员工：Emp(id=null, username=yuebuqun2, password=null, name=岳不群2, gender=1, phone=18809091231, job=1, salary=8000, image=https://web-framework.oss-cn-hangzhou.aliyuncs.com/2022-09-03-07-37-38222.jpg, entryDate=2022-09-18, deptId=1, createTime=null, updateTime=null, deptName=null, exprList=[EmpExpr(id=null, empId=null, begin=2012-07-01, end=2019-03-03, company=百度科技股份有限公司, job=java开发), EmpExpr(id=null, empId=null, begin=2019-03-15, end=2023-03-01, company=阿里巴巴科技股份有限公司, job=架构师)])
2025-01-26 10:10:27.321 [http-nio-8080-exec-2] DEBUG o.s.jdbc.support.JdbcTransactionManager-Creating new transaction with name [com.itheima.service.impl.EmpServiceImpl.save]: PROPAGATION_REQUIRED,ISOLATION_DEFAULT
2025-01-26 10:10:27.321 [http-nio-8080-exec-2] INFO  com.zaxxer.hikari.HikariDataSource-HikariPool-1 - Starting...
2025-01-26 10:10:27.468 [http-nio-8080-exec-2] INFO  com.zaxxer.hikari.pool.HikariPool-HikariPool-1 - Added connection com.mysql.cj.jdbc.ConnectionImpl@47f96fef
2025-01-26 10:10:27.468 [http-nio-8080-exec-2] INFO  com.zaxxer.hikari.HikariDataSource-HikariPool-1 - Start completed.
2025-01-26 10:10:27.470 [http-nio-8080-exec-2] DEBUG o.s.jdbc.support.JdbcTransactionManager-Acquired Connection [HikariProxyConnection@1593267450 wrapping com.mysql.cj.jdbc.ConnectionImpl@47f96fef] for JDBC transaction
2025-01-26 10:10:27.471 [http-nio-8080-exec-2] DEBUG o.s.jdbc.support.JdbcTransactionManager-Switching JDBC Connection [HikariProxyConnection@1593267450 wrapping com.mysql.cj.jdbc.ConnectionImpl@47f96fef] to manual commit
2025-01-26 10:10:27.503 [http-nio-8080-exec-2] DEBUG o.s.jdbc.support.JdbcTransactionManager-Initiating transaction rollback
2025-01-26 10:10:27.503 [http-nio-8080-exec-2] DEBUG o.s.jdbc.support.JdbcTransactionManager-Rolling back JDBC transaction on Connection [HikariProxyConnection@1593267450 wrapping com.mysql.cj.jdbc.ConnectionImpl@47f96fef]
2025-01-26 10:10:27.505 [http-nio-8080-exec-2] DEBUG o.s.jdbc.support.JdbcTransactionManager-Releasing JDBC Connection [HikariProxyConnection@1593267450 wrapping com.mysql.cj.jdbc.ConnectionImpl@47f96fef] after transaction
2025-01-26 10:10:27.507 [http-nio-8080-exec-2] ERROR o.a.c.c.C.[.[localhost].[/].[dispatcherServlet]-Servlet.service() for servlet [dispatcherServlet] in context with path [] threw exception [Request processing failed: java.lang.ArithmeticException: / by zero] with root cause
java.lang.ArithmeticException: / by zero
	at com.itheima.service.impl.EmpServiceImpl.save(EmpServiceImpl.java:94)
	at java.base/jdk.internal.reflect.NativeMethodAccessorImpl.invoke0(Native Method)
	at java.base/jdk.internal.reflect.NativeMethodAccessorImpl.invoke(NativeMethodAccessorImpl.java:77)
	at java.base/jdk.internal.reflect.DelegatingMethodAccessorImpl.invoke(DelegatingMethodAccessorImpl.java:43)
	at java.base/java.lang.reflect.Method.invoke(Method.java:568)
	at org.springframework.aop.support.AopUtils.invokeJoinpointUsingReflection(AopUtils.java:359)
	at org.springframework.aop.framework.ReflectiveMethodInvocation.invokeJoinpoint(ReflectiveMethodInvocation.java:196)
	at org.springframework.aop.framework.ReflectiveMethodInvocation.proceed(ReflectiveMethodInvocation.java:163)
	at org.springframework.transaction.interceptor.TransactionAspectSupport.invokeWithinTransaction(TransactionAspectSupport.java:380)
	at org.springframework.transaction.interceptor.TransactionInterceptor.invoke(TransactionInterceptor.java:119)
	at org.springframework.aop.framework.ReflectiveMethodInvocation.proceed(ReflectiveMethodInvocation.java:184)
	at org.springframework.aop.framework.CglibAopProxy$DynamicAdvisedInterceptor.intercept(CglibAopProxy.java:727)
	at com.itheima.service.impl.EmpServiceImpl$$SpringCGLIB$$0.save(<generated>)
	at com.itheima.controller.EmpController.save(EmpController.java:72)
	at java.base/jdk.internal.reflect.NativeMethodAccessorImpl.invoke0(Native Method)
	at java.base/jdk.internal.reflect.NativeMethodAccessorImpl.invoke(NativeMethodAccessorImpl.java:77)
	at java.base/jdk.internal.reflect.DelegatingMethodAccessorImpl.invoke(DelegatingMethodAccessorImpl.java:43)
	at java.base/java.lang.reflect.Method.invoke(Method.java:568)
	at org.springframework.web.method.support.InvocableHandlerMethod.doInvoke(InvocableHandlerMethod.java:257)
	at org.springframework.web.method.support.InvocableHandlerMethod.invokeForRequest(InvocableHandlerMethod.java:190)
	at org.springframework.web.servlet.mvc.method.annotation.ServletInvocableHandlerMethod.invokeAndHandle(ServletInvocableHandlerMethod.java:118)
	at org.springframework.web.servlet.mvc.method.annotation.RequestMappingHandlerAdapter.invokeHandlerMethod(RequestMappingHandlerAdapter.java:986)
	at org.springframework.web.servlet.mvc.method.annotation.RequestMappingHandlerAdapter.handleInternal(RequestMappingHandlerAdapter.java:891)
	at org.springframework.web.servlet.mvc.method.AbstractHandlerMethodAdapter.handle(AbstractHandlerMethodAdapter.java:87)
	at org.springframework.web.servlet.DispatcherServlet.doDispatch(DispatcherServlet.java:1088)
	at org.springframework.web.servlet.DispatcherServlet.doService(DispatcherServlet.java:978)
	at org.springframework.web.servlet.FrameworkServlet.processRequest(FrameworkServlet.java:1014)
	at org.springframework.web.servlet.FrameworkServlet.doPost(FrameworkServlet.java:914)
	at jakarta.servlet.http.HttpServlet.service(HttpServlet.java:590)
	at org.springframework.web.servlet.FrameworkServlet.service(FrameworkServlet.java:885)
	at jakarta.servlet.http.HttpServlet.service(HttpServlet.java:658)
	at org.apache.catalina.core.ApplicationFilterChain.internalDoFilter(ApplicationFilterChain.java:195)
	at org.apache.catalina.core.ApplicationFilterChain.doFilter(ApplicationFilterChain.java:140)
	at org.apache.tomcat.websocket.server.WsFilter.doFilter(WsFilter.java:51)
	at org.apache.catalina.core.ApplicationFilterChain.internalDoFilter(ApplicationFilterChain.java:164)
	at org.apache.catalina.core.ApplicationFilterChain.doFilter(ApplicationFilterChain.java:140)
	at org.springframework.web.filter.RequestContextFilter.doFilterInternal(RequestContextFilter.java:100)
	at org.springframework.web.filter.OncePerRequestFilter.doFilter(OncePerRequestFilter.java:116)
	at org.apache.catalina.core.ApplicationFilterChain.internalDoFilter(ApplicationFilterChain.java:164)
	at org.apache.catalina.core.ApplicationFilterChain.doFilter(ApplicationFilterChain.java:140)
	at org.springframework.web.filter.FormContentFilter.doFilterInternal(FormContentFilter.java:93)
	at org.springframework.web.filter.OncePerRequestFilter.doFilter(OncePerRequestFilter.java:116)
	at org.apache.catalina.core.ApplicationFilterChain.internalDoFilter(ApplicationFilterChain.java:164)
	at org.apache.catalina.core.ApplicationFilterChain.doFilter(ApplicationFilterChain.java:140)
	at org.springframework.web.filter.CharacterEncodingFilter.doFilterInternal(CharacterEncodingFilter.java:201)
	at org.springframework.web.filter.OncePerRequestFilter.doFilter(OncePerRequestFilter.java:116)
	at org.apache.catalina.core.ApplicationFilterChain.internalDoFilter(ApplicationFilterChain.java:164)
	at org.apache.catalina.core.ApplicationFilterChain.doFilter(ApplicationFilterChain.java:140)
	at org.apache.catalina.core.StandardWrapperValve.invoke(StandardWrapperValve.java:167)
	at org.apache.catalina.core.StandardContextValve.invoke(StandardContextValve.java:90)
	at org.apache.catalina.authenticator.AuthenticatorBase.invoke(AuthenticatorBase.java:483)
	at org.apache.catalina.core.StandardHostValve.invoke(StandardHostValve.java:115)
	at org.apache.catalina.valves.ErrorReportValve.invoke(ErrorReportValve.java:93)
	at org.apache.catalina.core.StandardEngineValve.invoke(StandardEngineValve.java:74)
	at org.apache.catalina.connector.CoyoteAdapter.service(CoyoteAdapter.java:344)
	at org.apache.coyote.http11.Http11Processor.service(Http11Processor.java:397)
	at org.apache.coyote.AbstractProcessorLight.process(AbstractProcessorLight.java:63)
	at org.apache.coyote.AbstractProtocol$ConnectionHandler.process(AbstractProtocol.java:905)
	at org.apache.tomcat.util.net.NioEndpoint$SocketProcessor.doRun(NioEndpoint.java:1741)
	at org.apache.tomcat.util.net.SocketProcessorBase.run(SocketProcessorBase.java:52)
	at org.apache.tomcat.util.threads.ThreadPoolExecutor.runWorker(ThreadPoolExecutor.java:1190)
	at org.apache.tomcat.util.threads.ThreadPoolExecutor$Worker.run(ThreadPoolExecutor.java:659)
	at org.apache.tomcat.util.threads.TaskThread$WrappingRunnable.run(TaskThread.java:63)
	at java.base/java.lang.Thread.run(Thread.java:842)
2025-01-26 10:14:04.892 [main] INFO  com.itheima.TliasWebManagementApplication-Starting TliasWebManagementApplication using Java 17.0.12 with PID 98554 (/Users/daykalif/Desktop/web-project/javaweb-ai-project02/tlias-web-management/target/classes started by daykalif in /Users/daykalif/Desktop/web-project/javaweb-ai-project02/tlias-web-management)
2025-01-26 10:14:04.892 [main] INFO  com.itheima.TliasWebManagementApplication-No active profile set, falling back to 1 default profile: "default"
2025-01-26 10:14:05.299 [main] INFO  o.s.boot.web.embedded.tomcat.TomcatWebServer-Tomcat initialized with port 8080 (http)
2025-01-26 10:14:05.306 [main] INFO  org.apache.coyote.http11.Http11NioProtocol-Initializing ProtocolHandler ["http-nio-8080"]
2025-01-26 10:14:05.307 [main] INFO  org.apache.catalina.core.StandardService-Starting service [Tomcat]
2025-01-26 10:14:05.307 [main] INFO  org.apache.catalina.core.StandardEngine-Starting Servlet engine: [Apache Tomcat/10.1.34]
2025-01-26 10:14:05.326 [main] INFO  o.a.c.core.ContainerBase.[Tomcat].[localhost].[/]-Initializing Spring embedded WebApplicationContext
2025-01-26 10:14:05.326 [main] INFO  o.s.b.w.s.c.ServletWebServerApplicationContext-Root WebApplicationContext: initialization completed in 420 ms
2025-01-26 10:14:05.583 [main] INFO  org.apache.coyote.http11.Http11NioProtocol-Starting ProtocolHandler ["http-nio-8080"]
2025-01-26 10:14:05.586 [main] WARN  o.s.b.w.s.c.AnnotationConfigServletWebServerApplicationContext-Exception encountered during context initialization - cancelling refresh attempt: org.springframework.context.ApplicationContextException: Failed to start bean 'webServerStartStop'
2025-01-26 10:14:05.594 [main] INFO  o.s.b.a.logging.ConditionEvaluationReportLogger-

Error starting ApplicationContext. To display the condition evaluation report re-run your application with 'debug' enabled.
2025-01-26 10:14:05.604 [main] ERROR o.s.b.diagnostics.LoggingFailureAnalysisReporter-

***************************
APPLICATION FAILED TO START
***************************

Description:

Web server failed to start. Port 8080 was already in use.

Action:

Identify and stop the process that's listening on port 8080 or configure this application to listen on another port.

2025-01-26 10:14:30.914 [http-nio-8080-exec-3] INFO  com.itheima.controller.EmpController-新增员工：Emp(id=null, username=yuebuqun3, password=null, name=岳不群3, gender=1, phone=18809091233, job=1, salary=8000, image=https://web-framework.oss-cn-hangzhou.aliyuncs.com/2022-09-03-07-37-38222.jpg, entryDate=2022-09-18, deptId=1, createTime=null, updateTime=null, deptName=null, exprList=[EmpExpr(id=null, empId=null, begin=2012-07-01, end=2019-03-03, company=百度科技股份有限公司, job=java开发), EmpExpr(id=null, empId=null, begin=2019-03-15, end=2023-03-01, company=阿里巴巴科技股份有限公司, job=架构师)])
2025-01-26 10:14:30.915 [http-nio-8080-exec-3] DEBUG o.s.jdbc.support.JdbcTransactionManager-Creating new transaction with name [com.itheima.service.impl.EmpServiceImpl.save]: PROPAGATION_REQUIRED,ISOLATION_DEFAULT
2025-01-26 10:14:30.916 [http-nio-8080-exec-3] DEBUG o.s.jdbc.support.JdbcTransactionManager-Acquired Connection [HikariProxyConnection@919636475 wrapping com.mysql.cj.jdbc.ConnectionImpl@47f96fef] for JDBC transaction
2025-01-26 10:14:30.916 [http-nio-8080-exec-3] DEBUG o.s.jdbc.support.JdbcTransactionManager-Switching JDBC Connection [HikariProxyConnection@919636475 wrapping com.mysql.cj.jdbc.ConnectionImpl@47f96fef] to manual commit
2025-01-26 10:14:30.920 [http-nio-8080-exec-3] DEBUG o.s.jdbc.support.JdbcTransactionManager-Initiating transaction rollback
2025-01-26 10:14:30.920 [http-nio-8080-exec-3] DEBUG o.s.jdbc.support.JdbcTransactionManager-Rolling back JDBC transaction on Connection [HikariProxyConnection@919636475 wrapping com.mysql.cj.jdbc.ConnectionImpl@47f96fef]
2025-01-26 10:14:30.921 [http-nio-8080-exec-3] DEBUG o.s.jdbc.support.JdbcTransactionManager-Releasing JDBC Connection [HikariProxyConnection@919636475 wrapping com.mysql.cj.jdbc.ConnectionImpl@47f96fef] after transaction
2025-01-26 10:14:30.922 [http-nio-8080-exec-3] ERROR o.a.c.c.C.[.[localhost].[/].[dispatcherServlet]-Servlet.service() for servlet [dispatcherServlet] in context with path [] threw exception [Request processing failed: java.lang.ArithmeticException: / by zero] with root cause
java.lang.ArithmeticException: / by zero
	at com.itheima.service.impl.EmpServiceImpl.save(EmpServiceImpl.java:94)
	at java.base/jdk.internal.reflect.NativeMethodAccessorImpl.invoke0(Native Method)
	at java.base/jdk.internal.reflect.NativeMethodAccessorImpl.invoke(NativeMethodAccessorImpl.java:77)
	at java.base/jdk.internal.reflect.DelegatingMethodAccessorImpl.invoke(DelegatingMethodAccessorImpl.java:43)
	at java.base/java.lang.reflect.Method.invoke(Method.java:568)
	at org.springframework.aop.support.AopUtils.invokeJoinpointUsingReflection(AopUtils.java:359)
	at org.springframework.aop.framework.ReflectiveMethodInvocation.invokeJoinpoint(ReflectiveMethodInvocation.java:196)
	at org.springframework.aop.framework.ReflectiveMethodInvocation.proceed(ReflectiveMethodInvocation.java:163)
	at org.springframework.transaction.interceptor.TransactionAspectSupport.invokeWithinTransaction(TransactionAspectSupport.java:380)
	at org.springframework.transaction.interceptor.TransactionInterceptor.invoke(TransactionInterceptor.java:119)
	at org.springframework.aop.framework.ReflectiveMethodInvocation.proceed(ReflectiveMethodInvocation.java:184)
	at org.springframework.aop.framework.CglibAopProxy$DynamicAdvisedInterceptor.intercept(CglibAopProxy.java:727)
	at com.itheima.service.impl.EmpServiceImpl$$SpringCGLIB$$0.save(<generated>)
	at com.itheima.controller.EmpController.save(EmpController.java:72)
	at java.base/jdk.internal.reflect.NativeMethodAccessorImpl.invoke0(Native Method)
	at java.base/jdk.internal.reflect.NativeMethodAccessorImpl.invoke(NativeMethodAccessorImpl.java:77)
	at java.base/jdk.internal.reflect.DelegatingMethodAccessorImpl.invoke(DelegatingMethodAccessorImpl.java:43)
	at java.base/java.lang.reflect.Method.invoke(Method.java:568)
	at org.springframework.web.method.support.InvocableHandlerMethod.doInvoke(InvocableHandlerMethod.java:257)
	at org.springframework.web.method.support.InvocableHandlerMethod.invokeForRequest(InvocableHandlerMethod.java:190)
	at org.springframework.web.servlet.mvc.method.annotation.ServletInvocableHandlerMethod.invokeAndHandle(ServletInvocableHandlerMethod.java:118)
	at org.springframework.web.servlet.mvc.method.annotation.RequestMappingHandlerAdapter.invokeHandlerMethod(RequestMappingHandlerAdapter.java:986)
	at org.springframework.web.servlet.mvc.method.annotation.RequestMappingHandlerAdapter.handleInternal(RequestMappingHandlerAdapter.java:891)
	at org.springframework.web.servlet.mvc.method.AbstractHandlerMethodAdapter.handle(AbstractHandlerMethodAdapter.java:87)
	at org.springframework.web.servlet.DispatcherServlet.doDispatch(DispatcherServlet.java:1088)
	at org.springframework.web.servlet.DispatcherServlet.doService(DispatcherServlet.java:978)
	at org.springframework.web.servlet.FrameworkServlet.processRequest(FrameworkServlet.java:1014)
	at org.springframework.web.servlet.FrameworkServlet.doPost(FrameworkServlet.java:914)
	at jakarta.servlet.http.HttpServlet.service(HttpServlet.java:590)
	at org.springframework.web.servlet.FrameworkServlet.service(FrameworkServlet.java:885)
	at jakarta.servlet.http.HttpServlet.service(HttpServlet.java:658)
	at org.apache.catalina.core.ApplicationFilterChain.internalDoFilter(ApplicationFilterChain.java:195)
	at org.apache.catalina.core.ApplicationFilterChain.doFilter(ApplicationFilterChain.java:140)
	at org.apache.tomcat.websocket.server.WsFilter.doFilter(WsFilter.java:51)
	at org.apache.catalina.core.ApplicationFilterChain.internalDoFilter(ApplicationFilterChain.java:164)
	at org.apache.catalina.core.ApplicationFilterChain.doFilter(ApplicationFilterChain.java:140)
	at org.springframework.web.filter.RequestContextFilter.doFilterInternal(RequestContextFilter.java:100)
	at org.springframework.web.filter.OncePerRequestFilter.doFilter(OncePerRequestFilter.java:116)
	at org.apache.catalina.core.ApplicationFilterChain.internalDoFilter(ApplicationFilterChain.java:164)
	at org.apache.catalina.core.ApplicationFilterChain.doFilter(ApplicationFilterChain.java:140)
	at org.springframework.web.filter.FormContentFilter.doFilterInternal(FormContentFilter.java:93)
	at org.springframework.web.filter.OncePerRequestFilter.doFilter(OncePerRequestFilter.java:116)
	at org.apache.catalina.core.ApplicationFilterChain.internalDoFilter(ApplicationFilterChain.java:164)
	at org.apache.catalina.core.ApplicationFilterChain.doFilter(ApplicationFilterChain.java:140)
	at org.springframework.web.filter.CharacterEncodingFilter.doFilterInternal(CharacterEncodingFilter.java:201)
	at org.springframework.web.filter.OncePerRequestFilter.doFilter(OncePerRequestFilter.java:116)
	at org.apache.catalina.core.ApplicationFilterChain.internalDoFilter(ApplicationFilterChain.java:164)
	at org.apache.catalina.core.ApplicationFilterChain.doFilter(ApplicationFilterChain.java:140)
	at org.apache.catalina.core.StandardWrapperValve.invoke(StandardWrapperValve.java:167)
	at org.apache.catalina.core.StandardContextValve.invoke(StandardContextValve.java:90)
	at org.apache.catalina.authenticator.AuthenticatorBase.invoke(AuthenticatorBase.java:483)
	at org.apache.catalina.core.StandardHostValve.invoke(StandardHostValve.java:115)
	at org.apache.catalina.valves.ErrorReportValve.invoke(ErrorReportValve.java:93)
	at org.apache.catalina.core.StandardEngineValve.invoke(StandardEngineValve.java:74)
	at org.apache.catalina.connector.CoyoteAdapter.service(CoyoteAdapter.java:344)
	at org.apache.coyote.http11.Http11Processor.service(Http11Processor.java:397)
	at org.apache.coyote.AbstractProcessorLight.process(AbstractProcessorLight.java:63)
	at org.apache.coyote.AbstractProtocol$ConnectionHandler.process(AbstractProtocol.java:905)
	at org.apache.tomcat.util.net.NioEndpoint$SocketProcessor.doRun(NioEndpoint.java:1741)
	at org.apache.tomcat.util.net.SocketProcessorBase.run(SocketProcessorBase.java:52)
	at org.apache.tomcat.util.threads.ThreadPoolExecutor.runWorker(ThreadPoolExecutor.java:1190)
	at org.apache.tomcat.util.threads.ThreadPoolExecutor$Worker.run(ThreadPoolExecutor.java:659)
	at org.apache.tomcat.util.threads.TaskThread$WrappingRunnable.run(TaskThread.java:63)
	at java.base/java.lang.Thread.run(Thread.java:842)
2025-01-26 10:14:43.396 [main] INFO  com.itheima.TliasWebManagementApplication-Starting TliasWebManagementApplication using Java 17.0.12 with PID 98579 (/Users/daykalif/Desktop/web-project/javaweb-ai-project02/tlias-web-management/target/classes started by daykalif in /Users/daykalif/Desktop/web-project/javaweb-ai-project02/tlias-web-management)
2025-01-26 10:14:43.397 [main] INFO  com.itheima.TliasWebManagementApplication-No active profile set, falling back to 1 default profile: "default"
2025-01-26 10:14:43.740 [main] INFO  o.s.boot.web.embedded.tomcat.TomcatWebServer-Tomcat initialized with port 8080 (http)
2025-01-26 10:14:43.745 [main] INFO  org.apache.coyote.http11.Http11NioProtocol-Initializing ProtocolHandler ["http-nio-8080"]
2025-01-26 10:14:43.745 [main] INFO  org.apache.catalina.core.StandardService-Starting service [Tomcat]
2025-01-26 10:14:43.745 [main] INFO  org.apache.catalina.core.StandardEngine-Starting Servlet engine: [Apache Tomcat/10.1.34]
2025-01-26 10:14:43.762 [main] INFO  o.a.c.core.ContainerBase.[Tomcat].[localhost].[/]-Initializing Spring embedded WebApplicationContext
2025-01-26 10:14:43.763 [main] INFO  o.s.b.w.s.c.ServletWebServerApplicationContext-Root WebApplicationContext: initialization completed in 353 ms
2025-01-26 10:14:43.991 [main] INFO  org.apache.coyote.http11.Http11NioProtocol-Starting ProtocolHandler ["http-nio-8080"]
2025-01-26 10:14:43.994 [main] WARN  o.s.b.w.s.c.AnnotationConfigServletWebServerApplicationContext-Exception encountered during context initialization - cancelling refresh attempt: org.springframework.context.ApplicationContextException: Failed to start bean 'webServerStartStop'
2025-01-26 10:14:44.001 [main] INFO  o.s.b.a.logging.ConditionEvaluationReportLogger-

Error starting ApplicationContext. To display the condition evaluation report re-run your application with 'debug' enabled.
2025-01-26 10:14:44.008 [main] ERROR o.s.b.diagnostics.LoggingFailureAnalysisReporter-

***************************
APPLICATION FAILED TO START
***************************

Description:

Web server failed to start. Port 8080 was already in use.

Action:

Identify and stop the process that's listening on port 8080 or configure this application to listen on another port.

2025-01-26 10:15:10.881 [main] INFO  com.itheima.TliasWebManagementApplication-Starting TliasWebManagementApplication using Java 17.0.12 with PID 98897 (/Users/daykalif/Desktop/web-project/javaweb-ai-project02/tlias-web-management/target/classes started by daykalif in /Users/daykalif/Desktop/web-project/javaweb-ai-project02/tlias-web-management)
2025-01-26 10:15:10.882 [main] INFO  com.itheima.TliasWebManagementApplication-No active profile set, falling back to 1 default profile: "default"
2025-01-26 10:15:11.212 [main] INFO  o.s.boot.web.embedded.tomcat.TomcatWebServer-Tomcat initialized with port 8080 (http)
2025-01-26 10:15:11.216 [main] INFO  org.apache.coyote.http11.Http11NioProtocol-Initializing ProtocolHandler ["http-nio-8080"]
2025-01-26 10:15:11.217 [main] INFO  org.apache.catalina.core.StandardService-Starting service [Tomcat]
2025-01-26 10:15:11.217 [main] INFO  org.apache.catalina.core.StandardEngine-Starting Servlet engine: [Apache Tomcat/10.1.34]
2025-01-26 10:15:11.233 [main] INFO  o.a.c.core.ContainerBase.[Tomcat].[localhost].[/]-Initializing Spring embedded WebApplicationContext
2025-01-26 10:15:11.233 [main] INFO  o.s.b.w.s.c.ServletWebServerApplicationContext-Root WebApplicationContext: initialization completed in 338 ms
2025-01-26 10:15:11.488 [main] INFO  org.apache.coyote.http11.Http11NioProtocol-Starting ProtocolHandler ["http-nio-8080"]
2025-01-26 10:15:11.497 [main] INFO  o.s.boot.web.embedded.tomcat.TomcatWebServer-Tomcat started on port 8080 (http) with context path '/'
2025-01-26 10:15:11.501 [main] INFO  com.itheima.TliasWebManagementApplication-Started TliasWebManagementApplication in 0.752 seconds (process running for 1.322)
2025-01-26 10:15:15.705 [http-nio-8080-exec-1] INFO  o.a.c.core.ContainerBase.[Tomcat].[localhost].[/]-Initializing Spring DispatcherServlet 'dispatcherServlet'
2025-01-26 10:15:15.705 [http-nio-8080-exec-1] INFO  org.springframework.web.servlet.DispatcherServlet-Initializing Servlet 'dispatcherServlet'
2025-01-26 10:15:15.706 [http-nio-8080-exec-1] INFO  org.springframework.web.servlet.DispatcherServlet-Completed initialization in 1 ms
2025-01-26 10:15:15.754 [http-nio-8080-exec-1] INFO  com.itheima.controller.EmpController-新增员工：Emp(id=null, username=yuebuqun3, password=null, name=岳不群3, gender=1, phone=18809091233, job=1, salary=8000, image=https://web-framework.oss-cn-hangzhou.aliyuncs.com/2022-09-03-07-37-38222.jpg, entryDate=2022-09-18, deptId=1, createTime=null, updateTime=null, deptName=null, exprList=[EmpExpr(id=null, empId=null, begin=2012-07-01, end=2019-03-03, company=百度科技股份有限公司, job=java开发), EmpExpr(id=null, empId=null, begin=2019-03-15, end=2023-03-01, company=阿里巴巴科技股份有限公司, job=架构师)])
2025-01-26 10:15:15.760 [http-nio-8080-exec-1] DEBUG o.s.jdbc.support.JdbcTransactionManager-Creating new transaction with name [com.itheima.service.impl.EmpServiceImpl.save]: PROPAGATION_REQUIRED,ISOLATION_DEFAULT
2025-01-26 10:15:15.760 [http-nio-8080-exec-1] INFO  com.zaxxer.hikari.HikariDataSource-HikariPool-1 - Starting...
2025-01-26 10:15:15.885 [http-nio-8080-exec-1] INFO  com.zaxxer.hikari.pool.HikariPool-HikariPool-1 - Added connection com.mysql.cj.jdbc.ConnectionImpl@d30b943
2025-01-26 10:15:15.886 [http-nio-8080-exec-1] INFO  com.zaxxer.hikari.HikariDataSource-HikariPool-1 - Start completed.
2025-01-26 10:15:15.888 [http-nio-8080-exec-1] DEBUG o.s.jdbc.support.JdbcTransactionManager-Acquired Connection [HikariProxyConnection@1688186853 wrapping com.mysql.cj.jdbc.ConnectionImpl@d30b943] for JDBC transaction
2025-01-26 10:15:15.889 [http-nio-8080-exec-1] DEBUG o.s.jdbc.support.JdbcTransactionManager-Switching JDBC Connection [HikariProxyConnection@1688186853 wrapping com.mysql.cj.jdbc.ConnectionImpl@d30b943] to manual commit
2025-01-26 10:15:15.918 [http-nio-8080-exec-1] DEBUG o.s.jdbc.support.JdbcTransactionManager-Initiating transaction rollback
2025-01-26 10:15:15.918 [http-nio-8080-exec-1] DEBUG o.s.jdbc.support.JdbcTransactionManager-Rolling back JDBC transaction on Connection [HikariProxyConnection@1688186853 wrapping com.mysql.cj.jdbc.ConnectionImpl@d30b943]
2025-01-26 10:15:15.919 [http-nio-8080-exec-1] DEBUG o.s.jdbc.support.JdbcTransactionManager-Releasing JDBC Connection [HikariProxyConnection@1688186853 wrapping com.mysql.cj.jdbc.ConnectionImpl@d30b943] after transaction
2025-01-26 10:15:15.922 [http-nio-8080-exec-1] ERROR o.a.c.c.C.[.[localhost].[/].[dispatcherServlet]-Servlet.service() for servlet [dispatcherServlet] in context with path [] threw exception [Request processing failed: java.lang.ArithmeticException: / by zero] with root cause
java.lang.ArithmeticException: / by zero
	at com.itheima.service.impl.EmpServiceImpl.save(EmpServiceImpl.java:94)
	at java.base/jdk.internal.reflect.NativeMethodAccessorImpl.invoke0(Native Method)
	at java.base/jdk.internal.reflect.NativeMethodAccessorImpl.invoke(NativeMethodAccessorImpl.java:77)
	at java.base/jdk.internal.reflect.DelegatingMethodAccessorImpl.invoke(DelegatingMethodAccessorImpl.java:43)
	at java.base/java.lang.reflect.Method.invoke(Method.java:568)
	at org.springframework.aop.support.AopUtils.invokeJoinpointUsingReflection(AopUtils.java:359)
	at org.springframework.aop.framework.ReflectiveMethodInvocation.invokeJoinpoint(ReflectiveMethodInvocation.java:196)
	at org.springframework.aop.framework.ReflectiveMethodInvocation.proceed(ReflectiveMethodInvocation.java:163)
	at org.springframework.transaction.interceptor.TransactionAspectSupport.invokeWithinTransaction(TransactionAspectSupport.java:380)
	at org.springframework.transaction.interceptor.TransactionInterceptor.invoke(TransactionInterceptor.java:119)
	at org.springframework.aop.framework.ReflectiveMethodInvocation.proceed(ReflectiveMethodInvocation.java:184)
	at org.springframework.aop.framework.CglibAopProxy$DynamicAdvisedInterceptor.intercept(CglibAopProxy.java:727)
	at com.itheima.service.impl.EmpServiceImpl$$SpringCGLIB$$0.save(<generated>)
	at com.itheima.controller.EmpController.save(EmpController.java:72)
	at java.base/jdk.internal.reflect.NativeMethodAccessorImpl.invoke0(Native Method)
	at java.base/jdk.internal.reflect.NativeMethodAccessorImpl.invoke(NativeMethodAccessorImpl.java:77)
	at java.base/jdk.internal.reflect.DelegatingMethodAccessorImpl.invoke(DelegatingMethodAccessorImpl.java:43)
	at java.base/java.lang.reflect.Method.invoke(Method.java:568)
	at org.springframework.web.method.support.InvocableHandlerMethod.doInvoke(InvocableHandlerMethod.java:257)
	at org.springframework.web.method.support.InvocableHandlerMethod.invokeForRequest(InvocableHandlerMethod.java:190)
	at org.springframework.web.servlet.mvc.method.annotation.ServletInvocableHandlerMethod.invokeAndHandle(ServletInvocableHandlerMethod.java:118)
	at org.springframework.web.servlet.mvc.method.annotation.RequestMappingHandlerAdapter.invokeHandlerMethod(RequestMappingHandlerAdapter.java:986)
	at org.springframework.web.servlet.mvc.method.annotation.RequestMappingHandlerAdapter.handleInternal(RequestMappingHandlerAdapter.java:891)
	at org.springframework.web.servlet.mvc.method.AbstractHandlerMethodAdapter.handle(AbstractHandlerMethodAdapter.java:87)
	at org.springframework.web.servlet.DispatcherServlet.doDispatch(DispatcherServlet.java:1088)
	at org.springframework.web.servlet.DispatcherServlet.doService(DispatcherServlet.java:978)
	at org.springframework.web.servlet.FrameworkServlet.processRequest(FrameworkServlet.java:1014)
	at org.springframework.web.servlet.FrameworkServlet.doPost(FrameworkServlet.java:914)
	at jakarta.servlet.http.HttpServlet.service(HttpServlet.java:590)
	at org.springframework.web.servlet.FrameworkServlet.service(FrameworkServlet.java:885)
	at jakarta.servlet.http.HttpServlet.service(HttpServlet.java:658)
	at org.apache.catalina.core.ApplicationFilterChain.internalDoFilter(ApplicationFilterChain.java:195)
	at org.apache.catalina.core.ApplicationFilterChain.doFilter(ApplicationFilterChain.java:140)
	at org.apache.tomcat.websocket.server.WsFilter.doFilter(WsFilter.java:51)
	at org.apache.catalina.core.ApplicationFilterChain.internalDoFilter(ApplicationFilterChain.java:164)
	at org.apache.catalina.core.ApplicationFilterChain.doFilter(ApplicationFilterChain.java:140)
	at org.springframework.web.filter.RequestContextFilter.doFilterInternal(RequestContextFilter.java:100)
	at org.springframework.web.filter.OncePerRequestFilter.doFilter(OncePerRequestFilter.java:116)
	at org.apache.catalina.core.ApplicationFilterChain.internalDoFilter(ApplicationFilterChain.java:164)
	at org.apache.catalina.core.ApplicationFilterChain.doFilter(ApplicationFilterChain.java:140)
	at org.springframework.web.filter.FormContentFilter.doFilterInternal(FormContentFilter.java:93)
	at org.springframework.web.filter.OncePerRequestFilter.doFilter(OncePerRequestFilter.java:116)
	at org.apache.catalina.core.ApplicationFilterChain.internalDoFilter(ApplicationFilterChain.java:164)
	at org.apache.catalina.core.ApplicationFilterChain.doFilter(ApplicationFilterChain.java:140)
	at org.springframework.web.filter.CharacterEncodingFilter.doFilterInternal(CharacterEncodingFilter.java:201)
	at org.springframework.web.filter.OncePerRequestFilter.doFilter(OncePerRequestFilter.java:116)
	at org.apache.catalina.core.ApplicationFilterChain.internalDoFilter(ApplicationFilterChain.java:164)
	at org.apache.catalina.core.ApplicationFilterChain.doFilter(ApplicationFilterChain.java:140)
	at org.apache.catalina.core.StandardWrapperValve.invoke(StandardWrapperValve.java:167)
	at org.apache.catalina.core.StandardContextValve.invoke(StandardContextValve.java:90)
	at org.apache.catalina.authenticator.AuthenticatorBase.invoke(AuthenticatorBase.java:483)
	at org.apache.catalina.core.StandardHostValve.invoke(StandardHostValve.java:115)
	at org.apache.catalina.valves.ErrorReportValve.invoke(ErrorReportValve.java:93)
	at org.apache.catalina.core.StandardEngineValve.invoke(StandardEngineValve.java:74)
	at org.apache.catalina.connector.CoyoteAdapter.service(CoyoteAdapter.java:344)
	at org.apache.coyote.http11.Http11Processor.service(Http11Processor.java:397)
	at org.apache.coyote.AbstractProcessorLight.process(AbstractProcessorLight.java:63)
	at org.apache.coyote.AbstractProtocol$ConnectionHandler.process(AbstractProtocol.java:905)
	at org.apache.tomcat.util.net.NioEndpoint$SocketProcessor.doRun(NioEndpoint.java:1741)
	at org.apache.tomcat.util.net.SocketProcessorBase.run(SocketProcessorBase.java:52)
	at org.apache.tomcat.util.threads.ThreadPoolExecutor.runWorker(ThreadPoolExecutor.java:1190)
	at org.apache.tomcat.util.threads.ThreadPoolExecutor$Worker.run(ThreadPoolExecutor.java:659)
	at org.apache.tomcat.util.threads.TaskThread$WrappingRunnable.run(TaskThread.java:63)
	at java.base/java.lang.Thread.run(Thread.java:842)
2025-01-26 10:17:23.445 [SpringApplicationShutdownHook] INFO  o.s.boot.web.embedded.tomcat.GracefulShutdown-Commencing graceful shutdown. Waiting for active requests to complete
2025-01-26 10:17:23.452 [tomcat-shutdown] INFO  o.s.boot.web.embedded.tomcat.GracefulShutdown-Graceful shutdown complete
2025-01-26 10:17:23.455 [SpringApplicationShutdownHook] INFO  com.zaxxer.hikari.HikariDataSource-HikariPool-1 - Shutdown initiated...
2025-01-26 10:17:23.460 [SpringApplicationShutdownHook] INFO  com.zaxxer.hikari.HikariDataSource-HikariPool-1 - Shutdown completed.
2025-01-26 10:17:32.007 [main] INFO  com.itheima.TliasWebManagementApplication-Starting TliasWebManagementApplication using Java 17.0.12 with PID 98967 (/Users/daykalif/Desktop/web-project/javaweb-ai-project02/tlias-web-management/target/classes started by daykalif in /Users/daykalif/Desktop/web-project/javaweb-ai-project02/tlias-web-management)
2025-01-26 10:17:32.008 [main] INFO  com.itheima.TliasWebManagementApplication-No active profile set, falling back to 1 default profile: "default"
2025-01-26 10:17:32.353 [main] INFO  o.s.boot.web.embedded.tomcat.TomcatWebServer-Tomcat initialized with port 8080 (http)
2025-01-26 10:17:32.358 [main] INFO  org.apache.coyote.http11.Http11NioProtocol-Initializing ProtocolHandler ["http-nio-8080"]
2025-01-26 10:17:32.358 [main] INFO  org.apache.catalina.core.StandardService-Starting service [Tomcat]
2025-01-26 10:17:32.358 [main] INFO  org.apache.catalina.core.StandardEngine-Starting Servlet engine: [Apache Tomcat/10.1.34]
2025-01-26 10:17:32.376 [main] INFO  o.a.c.core.ContainerBase.[Tomcat].[localhost].[/]-Initializing Spring embedded WebApplicationContext
2025-01-26 10:17:32.377 [main] INFO  o.s.b.w.s.c.ServletWebServerApplicationContext-Root WebApplicationContext: initialization completed in 354 ms
2025-01-26 10:17:32.611 [main] INFO  org.apache.coyote.http11.Http11NioProtocol-Starting ProtocolHandler ["http-nio-8080"]
2025-01-26 10:17:32.622 [main] INFO  o.s.boot.web.embedded.tomcat.TomcatWebServer-Tomcat started on port 8080 (http) with context path '/'
2025-01-26 10:17:32.632 [main] INFO  com.itheima.TliasWebManagementApplication-Started TliasWebManagementApplication in 0.763 seconds (process running for 1.0)
2025-01-26 10:17:36.801 [http-nio-8080-exec-1] INFO  o.a.c.core.ContainerBase.[Tomcat].[localhost].[/]-Initializing Spring DispatcherServlet 'dispatcherServlet'
2025-01-26 10:17:36.801 [http-nio-8080-exec-1] INFO  org.springframework.web.servlet.DispatcherServlet-Initializing Servlet 'dispatcherServlet'
2025-01-26 10:17:36.802 [http-nio-8080-exec-1] INFO  org.springframework.web.servlet.DispatcherServlet-Completed initialization in 1 ms
2025-01-26 10:17:36.843 [http-nio-8080-exec-1] INFO  com.itheima.controller.EmpController-新增员工：Emp(id=null, username=yuebuqun3, password=null, name=岳不群3, gender=1, phone=18809091233, job=1, salary=8000, image=https://web-framework.oss-cn-hangzhou.aliyuncs.com/2022-09-03-07-37-38222.jpg, entryDate=2022-09-18, deptId=1, createTime=null, updateTime=null, deptName=null, exprList=[EmpExpr(id=null, empId=null, begin=2012-07-01, end=2019-03-03, company=百度科技股份有限公司, job=java开发), EmpExpr(id=null, empId=null, begin=2019-03-15, end=2023-03-01, company=阿里巴巴科技股份有限公司, job=架构师)])
2025-01-26 10:17:36.847 [http-nio-8080-exec-1] DEBUG o.s.jdbc.support.JdbcTransactionManager-Creating new transaction with name [com.itheima.service.impl.EmpServiceImpl.save]: PROPAGATION_REQUIRED,ISOLATION_DEFAULT
2025-01-26 10:17:36.848 [http-nio-8080-exec-1] INFO  com.zaxxer.hikari.HikariDataSource-HikariPool-1 - Starting...
2025-01-26 10:17:36.965 [http-nio-8080-exec-1] INFO  com.zaxxer.hikari.pool.HikariPool-HikariPool-1 - Added connection com.mysql.cj.jdbc.ConnectionImpl@53e7337e
2025-01-26 10:17:36.966 [http-nio-8080-exec-1] INFO  com.zaxxer.hikari.HikariDataSource-HikariPool-1 - Start completed.
2025-01-26 10:17:36.968 [http-nio-8080-exec-1] DEBUG o.s.jdbc.support.JdbcTransactionManager-Acquired Connection [HikariProxyConnection@1972071299 wrapping com.mysql.cj.jdbc.ConnectionImpl@53e7337e] for JDBC transaction
2025-01-26 10:17:36.969 [http-nio-8080-exec-1] DEBUG o.s.jdbc.support.JdbcTransactionManager-Switching JDBC Connection [HikariProxyConnection@1972071299 wrapping com.mysql.cj.jdbc.ConnectionImpl@53e7337e] to manual commit
2025-01-26 10:17:37.007 [http-nio-8080-exec-1] DEBUG o.s.jdbc.support.JdbcTransactionManager-Initiating transaction commit
2025-01-26 10:17:37.007 [http-nio-8080-exec-1] DEBUG o.s.jdbc.support.JdbcTransactionManager-Committing JDBC transaction on Connection [HikariProxyConnection@1972071299 wrapping com.mysql.cj.jdbc.ConnectionImpl@53e7337e]
2025-01-26 10:17:37.008 [http-nio-8080-exec-1] DEBUG o.s.jdbc.support.JdbcTransactionManager-Releasing JDBC Connection [HikariProxyConnection@1972071299 wrapping com.mysql.cj.jdbc.ConnectionImpl@53e7337e] after transaction
2025-01-26 10:18:48.579 [SpringApplicationShutdownHook] INFO  o.s.boot.web.embedded.tomcat.GracefulShutdown-Commencing graceful shutdown. Waiting for active requests to complete
2025-01-26 10:18:48.586 [tomcat-shutdown] INFO  o.s.boot.web.embedded.tomcat.GracefulShutdown-Graceful shutdown complete
2025-01-26 10:18:48.588 [SpringApplicationShutdownHook] INFO  com.zaxxer.hikari.HikariDataSource-HikariPool-1 - Shutdown initiated...
2025-01-26 10:18:48.593 [SpringApplicationShutdownHook] INFO  com.zaxxer.hikari.HikariDataSource-HikariPool-1 - Shutdown completed.
